<?xml version="1.0" encoding="UTF-8"?>
<testng-results skipped="0" failed="0" ignored="0" total="1" passed="1">
  <reporter-output>
  </reporter-output>
  <suite name="Suite" duration-ms="104" started-at="2018-08-24T09:26:02Z" finished-at="2018-08-24T09:26:02Z">
    <groups>
    </groups>
    <test name="Test" duration-ms="104" started-at="2018-08-24T09:26:02Z" finished-at="2018-08-24T09:26:02Z">
      <class name="testingwithjava.testingclass">
        <test-method status="PASS" signature="test()[pri:0, instance:testingwithjava.testingclass@675d3402]" name="test" duration-ms="28" started-at="2018-08-24T09:26:02Z" finished-at="2018-08-24T09:26:02Z">
          <reporter-output>
          </reporter-output>
        </test-method> <!-- test -->
      </class> <!-- testingwithjava.testingclass -->
    </test> <!-- Test -->
  </suite> <!-- Suite -->
</testng-results>
